
> @zynqcloud/client@1.0.0 build /Users/dinesh/DINE/selfhost app/zynq/apps/client
> next build

   ▲ Next.js 15.3.8
   - Environments: .env

   Creating an optimized production build ...
 ✓ Compiled successfully in 2000ms
   Skipping linting
   Checking validity of types ...
   Collecting page data ...
   Generating static pages (0/19) ...
   Generating static pages (4/19) 
   Generating static pages (9/19) 
   Generating static pages (14/19) 
 ✓ Generating static pages (19/19)
   Finalizing page optimization ...
   Collecting build traces ...

Route (app)                                 Size  First Load JS
┌ ○ /                                      139 B         101 kB
├ ○ /_not-found                            139 B         101 kB
├ ○ /dashboard                             381 B         102 kB
├ ○ /dashboard/files                     21.3 kB         201 kB
├ ○ /dashboard/profile                   7.56 kB         122 kB
├ ○ /dashboard/settings                   6.4 kB         117 kB
├ ○ /dashboard/settings/invites          5.09 kB         149 kB
├ ○ /dashboard/settings/monitoring       7.22 kB         118 kB
├ ○ /dashboard/settings/notifications      12 kB         124 kB
├ ○ /dashboard/settings/users            3.23 kB         160 kB
├ ƒ /dashboard/share/[token]             3.98 kB         115 kB
├ ○ /dashboard/shared                    5.97 kB         165 kB
├ ○ /dashboard/trash                     3.19 kB         183 kB
├ ○ /forgot-password                     4.63 kB         155 kB
├ ○ /login                               5.47 kB         120 kB
├ ○ /register                            5.61 kB         156 kB
├ ○ /reset-password                      5.52 kB         156 kB
├ ○ /setup                               3.42 kB         118 kB
└ ƒ /share/[token]                       4.04 kB         115 kB
+ First Load JS shared by all             101 kB
  ├ chunks/4bd1b696-161a714655e79c73.js  53.2 kB
  ├ chunks/684-4e344e381c7a0944.js       46.1 kB
  └ other shared chunks (total)          1.92 kB


○  (Static)   prerendered as static content
ƒ  (Dynamic)  server-rendered on demand

